[
  {
    items: [
      {
        str: "Weather data is not",
        dir: "ltr",
        width: 47.423211000000016,
        height: 5.115,
        transform: [ 5.115, 0, 0, 5.115, 63.311, 769.2305 ],
        fontName: "g_d0_f1",
        hasEOL: false
      },
      {
        str: "",
        dir: "ltr",
        width: 0,
        height: 0,
        transform: [ 5.115, 0, 0, 5.115, 63.311, 763.0305 ],
        fontName: "g_d0_f1",
        hasEOL: true
      },
      {
        str: "available right now.",
        dir: "ltr",
        width: 46.56747150000002,
        height: 5.115,
        transform: [ 5.115, 0, 0, 5.115, 63.311, 763.0305 ],
        fontName: "g_d0_f1",
        hasEOL: false
      }
    ],
    styles: {
      g_d0_f1: {
        fontFamily: "sans-serif",
        ascent: 0.966796875,
        descent: -0.2109375,
        vertical: false
      }
    },
    lang: null
  }
]
